c:\Users\prora\OneDrive\Documents\GitHub\foss-launcher\tests\conftest.py:106: UserWarning: WARNING: PYTHONHASHSEED is 'None', expected '0' for deterministic tests (Guarantee I: Non-Flaky Tests)
  warnings.warn(
============================= test session starts =============================
platform win32 -- Python 3.13.2, pytest-8.4.2, pluggy-1.6.0
rootdir: c:\Users\prora\OneDrive\Documents\GitHub\foss-launcher
configfile: pyproject.toml
plugins: anyio-4.12.1, langsmith-0.6.4, asyncio-0.26.0, cov-5.0.0
asyncio: mode=Mode.STRICT, asyncio_default_fixture_loop_scope=None, asyncio_default_test_loop_scope=function
collected 1 item

tests\unit\test_tc_530_entrypoints.py F                                  [100%]

================================== FAILURES ===================================
_____________________ test_launch_run_console_script_help _____________________
tests\unit\test_tc_530_entrypoints.py:95: in test_launch_run_console_script_help
    assert any(keyword in output.lower() for keyword in ["usage", "help", "options", "config"]), \
E   AssertionError: launch_run --help output doesn't contain help text: Traceback (most recent call last):
E       File "<frozen runpy>", line 198, in _run_module_as_main
E       File "<frozen runpy>", line 88, in _run_code
E       File "C:\Users\prora\OneDrive\Documents\GitHub\foss-launch
E   assert False
E    +  where False = any(<generator object test_launch_run_console_script_help.<locals>.<genexpr> at 0x000002200CE64200>)
=========================== short test summary info ===========================
FAILED tests/unit/test_tc_530_entrypoints.py::test_launch_run_console_script_help
============================== 1 failed in 1.17s ==============================
