c:\Users\prora\OneDrive\Documents\GitHub\foss-launcher\tests\conftest.py:106: UserWarning: WARNING: PYTHONHASHSEED is 'None', expected '0' for deterministic tests (Guarantee I: Non-Flaky Tests)
  warnings.warn(
============================= test session starts =============================
platform win32 -- Python 3.13.2, pytest-8.4.2, pluggy-1.6.0
rootdir: c:\Users\prora\OneDrive\Documents\GitHub\foss-launcher
configfile: pyproject.toml
plugins: anyio-4.12.1, langsmith-0.6.4, asyncio-0.26.0, cov-5.0.0
asyncio: mode=Mode.STRICT, asyncio_default_fixture_loop_scope=None, asyncio_default_test_loop_scope=function
collected 1560 items / 1 error

=================================== ERRORS ====================================
________________ ERROR collecting tests/e2e/test_tc_903_vfv.py ________________
ImportError while importing test module 'c:\Users\prora\OneDrive\Documents\GitHub\foss-launcher\tests\e2e\test_tc_903_vfv.py'.
Hint: make sure your test modules/packages have valid Python names.
Traceback:
C:\Python313\Lib\importlib\__init__.py:88: in import_module
    return _bootstrap._gcd_import(name[level:], package, level)
           ^^^^^^^^^^^^^^^^^^^^^^^^^^^^^^^^^^^^^^^^^^^^^^^^^^^^
tests\e2e\test_tc_903_vfv.py:26: in <module>
    from run_pilot_vfv import (
E   ImportError: cannot import name 'canonical_json_hash' from 'run_pilot_vfv' (C:\Users\prora\OneDrive\Documents\GitHub\foss-launcher\scripts\run_pilot_vfv.py)
=========================== short test summary info ===========================
ERROR tests/e2e/test_tc_903_vfv.py
!!!!!!!!!!!!!!!!!!! Interrupted: 1 error during collection !!!!!!!!!!!!!!!!!!!!
============================== 1 error in 5.91s ===============================
