C:\Users\prora\OneDrive\Documents\GitHub\foss-launcher_worktrees\consolidate_20260202_120555\tests\conftest.py:106: UserWarning: WARNING: PYTHONHASHSEED is 'None', expected '0' for deterministic tests (Guarantee I: Non-Flaky Tests)
  warnings.warn(
============================= test session starts =============================
platform win32 -- Python 3.13.2, pytest-8.4.2, pluggy-1.6.0
rootdir: C:\Users\prora\OneDrive\Documents\GitHub\foss-launcher_worktrees\consolidate_20260202_120555
configfile: pyproject.toml
plugins: anyio-4.12.1, langsmith-0.6.4, asyncio-0.26.0, cov-5.0.0
asyncio: mode=Mode.STRICT, asyncio_default_fixture_loop_scope=None, asyncio_default_test_loop_scope=function
collected 9 items

tests\unit\test_tc_530_entrypoints.py .........                          [100%]

============================== 9 passed in 7.57s ==============================
