c:\Users\prora\OneDrive\Documents\GitHub\foss-launcher\tests\conftest.py:106: UserWarning: WARNING: PYTHONHASHSEED is 'None', expected '0' for deterministic tests (Guarantee I: Non-Flaky Tests)
  warnings.warn(
============================= test session starts =============================
platform win32 -- Python 3.13.2, pytest-8.4.2, pluggy-1.6.0
rootdir: c:\Users\prora\OneDrive\Documents\GitHub\foss-launcher
configfile: pyproject.toml
testpaths: tests
plugins: anyio-4.12.1, langsmith-0.6.4, asyncio-0.26.0, cov-5.0.0
asyncio: mode=Mode.STRICT, asyncio_default_fixture_loop_scope=None, asyncio_default_test_loop_scope=function
collected 1427 items

tests\integration\test_gate_o_budgets.py ....                            [  0%]
tests\integration\test_tc_300_run_loop.py sssssss                        [  0%]
tests\test_spec_pack.py ....                                             [  1%]
tests\unit\cli\test_tc_530_cli_entrypoints.py ........s...........       [  2%]
tests\unit\clients\test_http.py ...................                      [  3%]
tests\unit\clients\test_tc_500_services.py ....................          [  5%]
tests\unit\content\test_tc_540_path_resolver.py ........................ [  6%]
........................                                                 [  8%]
tests\unit\content\test_tc_550_hugo_config.py .......................... [ 10%]
........                                                                 [ 10%]
tests\unit\determinism\test_tc_560_golden_run.py ....................... [ 12%]
........................                                                 [ 14%]
tests\unit\io\test_atomic.py .............                               [ 15%]
tests\unit\io\test_hashing.py ...........                                [ 15%]
tests\unit\io\test_run_config.py ..........                              [ 16%]
tests\unit\io\test_schema_validation.py .................                [ 17%]
tests\unit\io\test_yamlio.py ..............                              [ 18%]
tests\unit\mcp\test_tc_510_server_setup.py ..............                [ 19%]
tests\unit\mcp\test_tc_511_tool_registration.py ...................      [ 21%]
tests\unit\mcp\test_tc_512_tool_handlers.py .........................    [ 22%]
tests\unit\models\test_base.py ......                                    [ 23%]
tests\unit\models\test_event.py .....                                    [ 23%]
tests\unit\models\test_product_facts.py ......                           [ 24%]
tests\unit\models\test_state.py .........                                [ 24%]
tests\unit\observability\test_tc_580_evidence_packager.py .............. [ 25%]
........                                                                 [ 26%]
tests\unit\observability\test_tc_580_reports_index.py .................  [ 27%]
tests\unit\observability\test_tc_580_run_summary.py .................... [ 28%]
........                                                                 [ 29%]
tests\unit\orchestrator\test_tc_300_graph.py ......ss                    [ 29%]
tests\unit\resilience\test_tc_600_checkpoint.py ..................       [ 31%]
tests\unit\resilience\test_tc_600_idempotency.py ....................    [ 32%]
tests\unit\resilience\test_tc_600_resume.py ....................         [ 33%]
tests\unit\resilience\test_tc_600_retry_policy.py ....................   [ 35%]
tests\unit\resolvers\test_public_urls.py ...........................     [ 37%]
tests\unit\security\test_tc_590_file_scanner.py ........................ [ 38%]
....                                                                     [ 39%]
tests\unit\security\test_tc_590_redactor.py ......................       [ 40%]
tests\unit\security\test_tc_590_secret_detector.py ..................... [ 42%]
.....................                                                    [ 43%]
tests\unit\state\test_tc_201_emergency_mode.py ......................... [ 45%]
...............                                                          [ 46%]
tests\unit\telemetry_api\test_tc_520_api_setup.py ...................... [ 48%]
.                                                                        [ 48%]
tests\unit\telemetry_api\test_tc_521_run_endpoints.py .................. [ 49%]
.........                                                                [ 50%]
tests\unit\telemetry_api\test_tc_522_batch_upload.py ................... [ 51%]
                                                                         [ 51%]
tests\unit\telemetry_api\test_tc_523_metadata_endpoints.py ............  [ 52%]
tests\unit\test_bootstrap.py .....                                       [ 52%]
tests\unit\test_determinism.py .....                                     [ 52%]
tests\unit\test_tc_530_entrypoints.py .........                          [ 53%]
tests\unit\test_validate_windows_reserved_names.py .......               [ 54%]
tests\unit\util\test_budget_tracker.py .............                     [ 54%]
tests\unit\util\test_diff_analyzer.py ...............                    [ 55%]
tests\unit\util\test_path_validation.py .......................          [ 57%]
tests\unit\util\test_subprocess.py ......................                [ 59%]
tests\unit\validators\test_tc_590_security_gate.py ...............       [ 60%]
tests\unit\workers\test_tc_400_repo_scout.py ............                [ 61%]
tests\unit\workers\test_tc_401_clone.py .............                    [ 61%]
tests\unit\workers\test_tc_402_fingerprint.py .......................... [ 63%]
................                                                         [ 64%]
tests\unit\workers\test_tc_403_discover_docs.py ........................ [ 66%]
................................                                         [ 68%]
tests\unit\workers\test_tc_404_discover_examples.py .................... [ 70%]
....................................                                     [ 72%]
tests\unit\workers\test_tc_410_facts_builder.py ........                 [ 73%]
tests\unit\workers\test_tc_411_extract_claims.py ....................... [ 74%]
..............                                                           [ 75%]
tests\unit\workers\test_tc_412_map_evidence.py ......................... [ 77%]
.......                                                                  [ 78%]
tests\unit\workers\test_tc_413_detect_contradictions.py ................ [ 79%]
..................                                                       [ 80%]
tests\unit\workers\test_tc_420_snippet_curator.py ...........            [ 81%]
tests\unit\workers\test_tc_421_extract_doc_snippets.py ................. [ 82%]
.....................................                                    [ 85%]
tests\unit\workers\test_tc_422_extract_code_snippets.py ................ [ 86%]
....................................                                     [ 88%]
tests\unit\workers\test_tc_430_ia_planner.py ........................... [ 90%]
...                                                                      [ 90%]
tests\unit\workers\test_tc_440_section_writer.py .................       [ 92%]
tests\unit\workers\test_tc_450_linker_and_patcher.py .................   [ 93%]
tests\unit\workers\test_tc_460_validator.py ....................         [ 94%]
tests\unit\workers\test_tc_470_fixer.py .........................        [ 96%]
tests\unit\workers\test_tc_480_pr_manager.py ................            [ 97%]
tests\unit\workers\test_tc_570_extended_gates.py .....................   [ 98%]
tests\unit\workers\test_tc_571_perf_security_gates.py ...............    [100%]

================= 1417 passed, 10 skipped in 65.39s (0:01:05) =================
